  TimmysHouse.cpp
C:\Users\Lisette HG\Desktop\315344105_ProyectoFinal_Gpo09\ProyectoFinal\Proyecto12\TimmysHouse.cpp(199,24): warning C4244: 'inicializando': conversión de 'double' a 'GLfloat'; posible pérdida de datos
C:\Users\Lisette HG\Desktop\315344105_ProyectoFinal_Gpo09\ProyectoFinal\Proyecto12\TimmysHouse.cpp(227,21): warning C4244: '=': conversión de 'double' a 'T'; posible pérdida de datos
          with
          [
              T=float
          ]
C:\Users\Lisette HG\Desktop\315344105_ProyectoFinal_Gpo09\ProyectoFinal\Proyecto12\TimmysHouse.cpp(228,21): warning C4244: '=': conversión de 'double' a 'T'; posible pérdida de datos
          with
          [
              T=float
          ]
C:\Users\Lisette HG\Desktop\315344105_ProyectoFinal_Gpo09\ProyectoFinal\Proyecto12\TimmysHouse.cpp(229,21): warning C4244: '=': conversión de 'double' a 'T'; posible pérdida de datos
          with
          [
              T=float
          ]
C:\Users\Lisette HG\Desktop\315344105_ProyectoFinal_Gpo09\ProyectoFinal\Proyecto12\TimmysHouse.cpp(398,25): warning C4244: '=': conversión de 'double' a 'float'; posible pérdida de datos
C:\Users\Lisette HG\Desktop\315344105_ProyectoFinal_Gpo09\ProyectoFinal\Proyecto12\TimmysHouse.cpp(529,11): warning C4244: '=': conversión de 'double' a 'GLfloat'; posible pérdida de datos
C:\Users\Lisette HG\Desktop\315344105_ProyectoFinal_Gpo09\ProyectoFinal\Proyecto12\TimmysHouse.cpp(530,11): warning C4244: '=': conversión de 'double' a 'GLfloat'; posible pérdida de datos
C:\Users\Lisette HG\Desktop\315344105_ProyectoFinal_Gpo09\ProyectoFinal\Proyecto12\TimmysHouse.cpp(534,18): warning C4244: 'inicializando': conversión de 'double' a 'GLfloat'; posible pérdida de datos
C:\Users\Lisette HG\Desktop\315344105_ProyectoFinal_Gpo09\ProyectoFinal\Proyecto12\TimmysHouse.cpp(535,18): warning C4244: 'inicializando': conversión de 'double' a 'GLfloat'; posible pérdida de datos
C:\Users\Lisette HG\Desktop\315344105_ProyectoFinal_Gpo09\ProyectoFinal\Proyecto12\TimmysHouse.cpp(537,10): warning C4244: '=': conversión de 'double' a 'GLfloat'; posible pérdida de datos
C:\Users\Lisette HG\Desktop\315344105_ProyectoFinal_Gpo09\ProyectoFinal\Proyecto12\TimmysHouse.cpp(538,10): warning C4244: '=': conversión de 'double' a 'GLfloat'; posible pérdida de datos
soil2-debug.lib(image_DXT.obj) : warning LNK4099: no se encontró PDB 'soil2-debug.pdb' con 'soil2-debug.lib(image_DXT.obj)' o en 'C:\Users\Lisette HG\Desktop\315344105_ProyectoFinal_Gpo09\ProyectoFinal\Debug\soil2-debug.pdb'; se vinculará el objeto sin tener en cuenta información de depuración
soil2-debug.lib(image_helper.obj) : warning LNK4099: no se encontró PDB 'soil2-debug.pdb' con 'soil2-debug.lib(image_helper.obj)' o en 'C:\Users\Lisette HG\Desktop\315344105_ProyectoFinal_Gpo09\ProyectoFinal\Debug\soil2-debug.pdb'; se vinculará el objeto sin tener en cuenta información de depuración
soil2-debug.lib(SOIL2.obj) : warning LNK4099: no se encontró PDB 'soil2-debug.pdb' con 'soil2-debug.lib(SOIL2.obj)' o en 'C:\Users\Lisette HG\Desktop\315344105_ProyectoFinal_Gpo09\ProyectoFinal\Debug\soil2-debug.pdb'; se vinculará el objeto sin tener en cuenta información de depuración
  Proyecto12.vcxproj -> C:\Users\Lisette HG\Desktop\315344105_ProyectoFinal_Gpo09\ProyectoFinal\Debug\Proyecto12.exe
