  TimmysHouse.cpp
C:\Users\Lisette HG\Desktop\315344105_ProyectoFinal_Gpo09\ProyectoFinal\Proyecto12\TimmysHouse.cpp(203,24): warning C4244: 'inicializando': conversión de 'double' a 'GLfloat'; posible pérdida de datos
C:\Users\Lisette HG\Desktop\315344105_ProyectoFinal_Gpo09\ProyectoFinal\Proyecto12\TimmysHouse.cpp(231,21): warning C4244: '=': conversión de 'double' a 'T'; posible pérdida de datos
          with
          [
              T=float
          ]
C:\Users\Lisette HG\Desktop\315344105_ProyectoFinal_Gpo09\ProyectoFinal\Proyecto12\TimmysHouse.cpp(232,21): warning C4244: '=': conversión de 'double' a 'T'; posible pérdida de datos
          with
          [
              T=float
          ]
C:\Users\Lisette HG\Desktop\315344105_ProyectoFinal_Gpo09\ProyectoFinal\Proyecto12\TimmysHouse.cpp(233,21): warning C4244: '=': conversión de 'double' a 'T'; posible pérdida de datos
          with
          [
              T=float
          ]
C:\Users\Lisette HG\Desktop\315344105_ProyectoFinal_Gpo09\ProyectoFinal\Proyecto12\TimmysHouse.cpp(414,23): warning C4244: '=': conversión de 'double' a 'float'; posible pérdida de datos
C:\Users\Lisette HG\Desktop\315344105_ProyectoFinal_Gpo09\ProyectoFinal\Proyecto12\TimmysHouse.cpp(544,11): warning C4244: '=': conversión de 'double' a 'GLfloat'; posible pérdida de datos
C:\Users\Lisette HG\Desktop\315344105_ProyectoFinal_Gpo09\ProyectoFinal\Proyecto12\TimmysHouse.cpp(545,11): warning C4244: '=': conversión de 'double' a 'GLfloat'; posible pérdida de datos
C:\Users\Lisette HG\Desktop\315344105_ProyectoFinal_Gpo09\ProyectoFinal\Proyecto12\TimmysHouse.cpp(549,18): warning C4244: 'inicializando': conversión de 'double' a 'GLfloat'; posible pérdida de datos
C:\Users\Lisette HG\Desktop\315344105_ProyectoFinal_Gpo09\ProyectoFinal\Proyecto12\TimmysHouse.cpp(550,18): warning C4244: 'inicializando': conversión de 'double' a 'GLfloat'; posible pérdida de datos
C:\Users\Lisette HG\Desktop\315344105_ProyectoFinal_Gpo09\ProyectoFinal\Proyecto12\TimmysHouse.cpp(552,10): warning C4244: '=': conversión de 'double' a 'GLfloat'; posible pérdida de datos
C:\Users\Lisette HG\Desktop\315344105_ProyectoFinal_Gpo09\ProyectoFinal\Proyecto12\TimmysHouse.cpp(553,10): warning C4244: '=': conversión de 'double' a 'GLfloat'; posible pérdida de datos
soil2-debug.lib(SOIL2.obj) : warning LNK4075: se omite '/EDITANDCONTINUE' debido a la especificación '/OPT:ICF'
LINK : warning LNK4098: la biblioteca predeterminada'MSVCRTD' entra en conflicto con otras bibliotecas; use la biblioteca /NODEFAULTLIB:biblioteca
  Generando código
  1 of 602 functions ( 0.2%) were compiled, the rest were copied from previous compilation.
    0 functions were new in current compilation
    0 functions had inline decision re-evaluated but remain unchanged
  Generación de código finalizada
soil2-debug.lib(etc1_utils.obj) : warning LNK4099: no se encontró PDB 'soil2-debug.pdb' con 'soil2-debug.lib(etc1_utils.obj)' o en 'C:\Users\Lisette HG\Desktop\315344105_ProyectoFinal_Gpo09\ProyectoFinal\Release\soil2-debug.pdb'; se vinculará el objeto sin tener en cuenta información de depuración
soil2-debug.lib(image_DXT.obj) : warning LNK4099: no se encontró PDB 'soil2-debug.pdb' con 'soil2-debug.lib(image_DXT.obj)' o en 'C:\Users\Lisette HG\Desktop\315344105_ProyectoFinal_Gpo09\ProyectoFinal\Release\soil2-debug.pdb'; se vinculará el objeto sin tener en cuenta información de depuración
soil2-debug.lib(image_helper.obj) : warning LNK4099: no se encontró PDB 'soil2-debug.pdb' con 'soil2-debug.lib(image_helper.obj)' o en 'C:\Users\Lisette HG\Desktop\315344105_ProyectoFinal_Gpo09\ProyectoFinal\Release\soil2-debug.pdb'; se vinculará el objeto sin tener en cuenta información de depuración
soil2-debug.lib(SOIL2.obj) : warning LNK4099: no se encontró PDB 'soil2-debug.pdb' con 'soil2-debug.lib(SOIL2.obj)' o en 'C:\Users\Lisette HG\Desktop\315344105_ProyectoFinal_Gpo09\ProyectoFinal\Release\soil2-debug.pdb'; se vinculará el objeto sin tener en cuenta información de depuración
  Proyecto12.vcxproj -> C:\Users\Lisette HG\Desktop\315344105_ProyectoFinal_Gpo09\ProyectoFinal\Release\Proyecto12.exe
