  MainPrueba.cpp
C:\Users\Lisette HG\Desktop\315344105_ProyectoFinal_Gpo09\ProyectoFinal\ProyectoFinal\MainPrueba.cpp(199,24): warning C4244: 'inicializando': conversión de 'double' a 'GLfloat'; posible pérdida de datos
C:\Users\Lisette HG\Desktop\315344105_ProyectoFinal_Gpo09\ProyectoFinal\ProyectoFinal\MainPrueba.cpp(234,21): warning C4244: '=': conversión de 'double' a 'T'; posible pérdida de datos
          with
          [
              T=float
          ]
C:\Users\Lisette HG\Desktop\315344105_ProyectoFinal_Gpo09\ProyectoFinal\ProyectoFinal\MainPrueba.cpp(235,21): warning C4244: '=': conversión de 'double' a 'T'; posible pérdida de datos
          with
          [
              T=float
          ]
C:\Users\Lisette HG\Desktop\315344105_ProyectoFinal_Gpo09\ProyectoFinal\ProyectoFinal\MainPrueba.cpp(236,21): warning C4244: '=': conversión de 'double' a 'T'; posible pérdida de datos
          with
          [
              T=float
          ]
C:\Users\Lisette HG\Desktop\315344105_ProyectoFinal_Gpo09\ProyectoFinal\ProyectoFinal\MainPrueba.cpp(239,22): warning C4244: '=': conversión de 'double' a 'T'; posible pérdida de datos
          with
          [
              T=float
          ]
C:\Users\Lisette HG\Desktop\315344105_ProyectoFinal_Gpo09\ProyectoFinal\ProyectoFinal\MainPrueba.cpp(240,22): warning C4244: '=': conversión de 'double' a 'T'; posible pérdida de datos
          with
          [
              T=float
          ]
C:\Users\Lisette HG\Desktop\315344105_ProyectoFinal_Gpo09\ProyectoFinal\ProyectoFinal\MainPrueba.cpp(241,22): warning C4244: '=': conversión de 'double' a 'T'; posible pérdida de datos
          with
          [
              T=float
          ]
C:\Users\Lisette HG\Desktop\315344105_ProyectoFinal_Gpo09\ProyectoFinal\ProyectoFinal\MainPrueba.cpp(244,22): warning C4244: '=': conversión de 'double' a 'T'; posible pérdida de datos
          with
          [
              T=float
          ]
C:\Users\Lisette HG\Desktop\315344105_ProyectoFinal_Gpo09\ProyectoFinal\ProyectoFinal\MainPrueba.cpp(245,22): warning C4244: '=': conversión de 'double' a 'T'; posible pérdida de datos
          with
          [
              T=float
          ]
C:\Users\Lisette HG\Desktop\315344105_ProyectoFinal_Gpo09\ProyectoFinal\ProyectoFinal\MainPrueba.cpp(246,22): warning C4244: '=': conversión de 'double' a 'T'; posible pérdida de datos
          with
          [
              T=float
          ]
C:\Users\Lisette HG\Desktop\315344105_ProyectoFinal_Gpo09\ProyectoFinal\ProyectoFinal\MainPrueba.cpp(249,22): warning C4244: '=': conversión de 'double' a 'T'; posible pérdida de datos
          with
          [
              T=float
          ]
C:\Users\Lisette HG\Desktop\315344105_ProyectoFinal_Gpo09\ProyectoFinal\ProyectoFinal\MainPrueba.cpp(250,22): warning C4244: '=': conversión de 'double' a 'T'; posible pérdida de datos
          with
          [
              T=float
          ]
C:\Users\Lisette HG\Desktop\315344105_ProyectoFinal_Gpo09\ProyectoFinal\ProyectoFinal\MainPrueba.cpp(251,22): warning C4244: '=': conversión de 'double' a 'T'; posible pérdida de datos
          with
          [
              T=float
          ]
C:\Users\Lisette HG\Desktop\315344105_ProyectoFinal_Gpo09\ProyectoFinal\ProyectoFinal\MainPrueba.cpp(465,25): warning C4305: '+=': truncamiento de 'double' a 'T'
          with
          [
              T=float
          ]
C:\Users\Lisette HG\Desktop\315344105_ProyectoFinal_Gpo09\ProyectoFinal\ProyectoFinal\MainPrueba.cpp(468,25): warning C4305: '-=': truncamiento de 'double' a 'T'
          with
          [
              T=float
          ]
C:\Users\Lisette HG\Desktop\315344105_ProyectoFinal_Gpo09\ProyectoFinal\ProyectoFinal\MainPrueba.cpp(472,25): warning C4305: '+=': truncamiento de 'double' a 'T'
          with
          [
              T=float
          ]
C:\Users\Lisette HG\Desktop\315344105_ProyectoFinal_Gpo09\ProyectoFinal\ProyectoFinal\MainPrueba.cpp(476,25): warning C4305: '-=': truncamiento de 'double' a 'T'
          with
          [
              T=float
          ]
C:\Users\Lisette HG\Desktop\315344105_ProyectoFinal_Gpo09\ProyectoFinal\ProyectoFinal\MainPrueba.cpp(480,25): warning C4305: '+=': truncamiento de 'double' a 'T'
          with
          [
              T=float
          ]
C:\Users\Lisette HG\Desktop\315344105_ProyectoFinal_Gpo09\ProyectoFinal\ProyectoFinal\MainPrueba.cpp(484,25): warning C4305: '-=': truncamiento de 'double' a 'T'
          with
          [
              T=float
          ]
C:\Users\Lisette HG\Desktop\315344105_ProyectoFinal_Gpo09\ProyectoFinal\ProyectoFinal\MainPrueba.cpp(488,25): warning C4305: '+=': truncamiento de 'double' a 'T'
          with
          [
              T=float
          ]
C:\Users\Lisette HG\Desktop\315344105_ProyectoFinal_Gpo09\ProyectoFinal\ProyectoFinal\MainPrueba.cpp(492,25): warning C4305: '-=': truncamiento de 'double' a 'T'
          with
          [
              T=float
          ]
C:\Users\Lisette HG\Desktop\315344105_ProyectoFinal_Gpo09\ProyectoFinal\ProyectoFinal\MainPrueba.cpp(496,25): warning C4305: '+=': truncamiento de 'double' a 'T'
          with
          [
              T=float
          ]
C:\Users\Lisette HG\Desktop\315344105_ProyectoFinal_Gpo09\ProyectoFinal\ProyectoFinal\MainPrueba.cpp(500,25): warning C4305: '-=': truncamiento de 'double' a 'T'
          with
          [
              T=float
          ]
C:\Users\Lisette HG\Desktop\315344105_ProyectoFinal_Gpo09\ProyectoFinal\ProyectoFinal\MainPrueba.cpp(504,25): warning C4305: '+=': truncamiento de 'double' a 'T'
          with
          [
              T=float
          ]
C:\Users\Lisette HG\Desktop\315344105_ProyectoFinal_Gpo09\ProyectoFinal\ProyectoFinal\MainPrueba.cpp(508,25): warning C4305: '-=': truncamiento de 'double' a 'T'
          with
          [
              T=float
          ]
C:\Users\Lisette HG\Desktop\315344105_ProyectoFinal_Gpo09\ProyectoFinal\ProyectoFinal\MainPrueba.cpp(585,11): warning C4244: '=': conversión de 'double' a 'GLfloat'; posible pérdida de datos
C:\Users\Lisette HG\Desktop\315344105_ProyectoFinal_Gpo09\ProyectoFinal\ProyectoFinal\MainPrueba.cpp(586,11): warning C4244: '=': conversión de 'double' a 'GLfloat'; posible pérdida de datos
C:\Users\Lisette HG\Desktop\315344105_ProyectoFinal_Gpo09\ProyectoFinal\ProyectoFinal\MainPrueba.cpp(590,18): warning C4244: 'inicializando': conversión de 'double' a 'GLfloat'; posible pérdida de datos
C:\Users\Lisette HG\Desktop\315344105_ProyectoFinal_Gpo09\ProyectoFinal\ProyectoFinal\MainPrueba.cpp(591,18): warning C4244: 'inicializando': conversión de 'double' a 'GLfloat'; posible pérdida de datos
C:\Users\Lisette HG\Desktop\315344105_ProyectoFinal_Gpo09\ProyectoFinal\ProyectoFinal\MainPrueba.cpp(593,10): warning C4244: '=': conversión de 'double' a 'GLfloat'; posible pérdida de datos
C:\Users\Lisette HG\Desktop\315344105_ProyectoFinal_Gpo09\ProyectoFinal\ProyectoFinal\MainPrueba.cpp(594,10): warning C4244: '=': conversión de 'double' a 'GLfloat'; posible pérdida de datos
soil2-debug.lib(image_DXT.obj) : warning LNK4099: no se encontró PDB 'soil2-debug.pdb' con 'soil2-debug.lib(image_DXT.obj)' o en 'C:\Users\Lisette HG\Desktop\315344105_ProyectoFinal_Gpo09\ProyectoFinal\Debug\soil2-debug.pdb'; se vinculará el objeto sin tener en cuenta información de depuración
  ProyectoFinal.vcxproj -> C:\Users\Lisette HG\Desktop\315344105_ProyectoFinal_Gpo09\ProyectoFinal\Debug\ProyectoFinal.exe
